<?xml version="1.0" encoding="UTF-8"?>
<testsuite name="edu.vt.ece.spin.CLHLockTest" tests="1" skipped="0" failures="0" errors="0" timestamp="2024-10-30T21:01:00" hostname="caoyedeMacBook-Pro.local" time="0.068">
  <properties/>
  <testcase name="testParallel" classname="edu.vt.ece.spin.CLHLockTest" time="0.068"/>
  <system-out><![CDATA[]]></system-out>
  <system-err><![CDATA[]]></system-err>
</testsuite>
